<?xml version="1.0" encoding="UTF-8"?>
<!-- Generated by org.testng.reporters.JUnitReportReporter -->
<testsuite hostname="JAKIR6614" failures="0" tests="9" name="com.testng_practice.PracticeTestNGMethods" time="0.008" errors="0" timestamp="2023-10-30T23:04:53 EDT" skipped="0">
  <testcase classname="com.testng_practice.PracticeTestNGMethods" name="logIn" time="0.000"/>
  <system-out/>
  <testcase classname="com.testng_practice.PracticeTestNGMethods" name="logIn" time="0.001"/>
  <system-out/>
  <testcase classname="com.testng_practice.PracticeTestNGMethods" name="logIn" time="0.001"/>
  <system-out/>
  <testcase classname="com.testng_practice.PracticeTestNGMethods" name="logIn" time="0.004"/>
  <system-out/>
  <testcase classname="com.testng_practice.PracticeTestNGMethods" name="logIn" time="0.001"/>
  <system-out/>
  <testcase classname="com.testng_practice.PracticeTestNGMethods" name="dress" time="0.000"/>
  <system-out/>
  <testcase classname="com.testng_practice.PracticeTestNGMethods" name="cart" time="0.000"/>
  <system-out/>
  <testcase classname="com.testng_practice.PracticeTestNGMethods" name="payment" time="0.000"/>
  <system-out/>
  <testcase classname="com.testng_practice.PracticeTestNGMethods" name="placeOrder" time="0.001"/>
  <system-out/>
</testsuite> <!-- com.testng_practice.PracticeTestNGMethods -->
