<?xml version="1.0" encoding="UTF-8"?>
<!-- Generated by org.testng.reporters.JUnitReportReporter -->
<testsuite hostname="JAKIR6614" failures="0" tests="8" name="com.testng_practice.PracticeTstNGStudy" time="0.009" errors="0" timestamp="2023-11-01T20:48:11 EDT" skipped="1">
  <testcase classname="com.testng_practice.PracticeTstNGStudy" name="getLogin" time="0.004"/>
  <system-out/>
  <testcase classname="com.testng_practice.PracticeTstNGStudy" name="getDress" time="0.001"/>
  <system-out/>
  <testcase classname="com.testng_practice.PracticeTstNGStudy" name="getPayment" time="0.001"/>
  <system-out/>
  <testcase classname="com.testng_practice.PracticeTstNGStudy" name="getPayment" time="0.001"/>
  <system-out/>
  <testcase classname="com.testng_practice.PracticeTstNGStudy" name="getPayment" time="0.000"/>
  <system-out/>
  <testcase classname="com.testng_practice.PracticeTstNGStudy" name="getPayment" time="0.001"/>
  <system-out/>
  <testcase classname="com.testng_practice.PracticeTstNGStudy" name="getPayment" time="0.001"/>
  <system-out/>
  <testcase classname="com.testng_practice.PracticeTstNGStudy" name="getCart">
    <skipped/>
  </testcase> <!-- getCart -->
  <system-out/>
</testsuite> <!-- com.testng_practice.PracticeTstNGStudy -->
