<?xml version="1.0" encoding="UTF-8"?>
<!-- Generated by org.testng.reporters.JUnitReportReporter -->
<testsuite hostname="JAKIR6614" failures="0" tests="1" name="com.testng_practice.FirstClass" time="8.517" errors="0" timestamp="2023-11-01T21:55:48 EDT" skipped="0">
  <testcase classname="com.testng_practice.FirstClass" name="openCostcoLogin" time="8.517"/>
  <system-out/>
</testsuite> <!-- com.testng_practice.FirstClass -->
