<?xml version="1.0" encoding="UTF-8"?>
<!-- Generated by org.testng.reporters.JUnitReportReporter -->
<testsuite hostname="JAKIR6614" failures="0" tests="1" name="com.testng_practice.ParameterTestNG" time="0.007" errors="0" timestamp="2023-10-31T22:39:40 EDT" skipped="0">
  <testcase classname="com.testng_practice.ParameterTestNG" name="practiceParameter" time="0.007"/>
  <system-out/>
</testsuite> <!-- com.testng_practice.ParameterTestNG -->
